2025-08-01 09:49:22 INFO  Utils:112 - [TestNG] Running:
  D:\education\Java\OpencartV121\master.xml

2025-08-01 09:51:39 INFO  Utils:112 - [TestNG] Running:
  D:\education\Java\OpencartV121\master.xml

2025-08-01 09:51:44 INFO  TC_001_AccountRegistrationTest:15 - Strating TC_001_AccountRegistrationtTest
2025-08-01 09:51:44 INFO  TC_001_AccountRegistrationTest:19 - Clicked on My Account 
2025-08-01 09:51:45 INFO  TC_001_AccountRegistrationTest:22 - Clicked on Register 
2025-08-01 09:51:45 INFO  TC_001_AccountRegistrationTest:27 - Provided First Name 
2025-08-01 09:51:45 INFO  TC_001_AccountRegistrationTest:30 - Provided Last Name 
2025-08-01 09:51:45 INFO  TC_001_AccountRegistrationTest:34 - Provided Email 
2025-08-01 09:51:45 INFO  TC_001_AccountRegistrationTest:37 - Provided Telephone 
2025-08-01 09:51:45 INFO  TC_001_AccountRegistrationTest:40 - Provided Password 
2025-08-01 09:51:45 INFO  TC_001_AccountRegistrationTest:43 - Provided Confrmed Password 
2025-08-01 09:51:45 INFO  TC_001_AccountRegistrationTest:46 - Set Privacy Policy 
2025-08-01 09:51:47 INFO  TC_001_AccountRegistrationTest:49 - Clicked on Continue 
2025-08-01 09:51:49 INFO  TC_001_AccountRegistrationTest:61 - Finished TC_001_AccountRegistrationtTest
2025-08-01 09:51:53 INFO  TC_002_LoginTest:16 - Starting TC_002_LoginTest
2025-08-01 09:54:35 INFO  Utils:112 - [TestNG] Running:
  D:\education\Java\OpencartV121\master.xml

2025-08-01 09:54:39 INFO  TC_001_AccountRegistrationTest:15 - Strating TC_001_AccountRegistrationtTest
2025-08-01 09:54:39 INFO  TC_001_AccountRegistrationTest:19 - Clicked on My Account 
2025-08-01 09:54:39 INFO  TC_001_AccountRegistrationTest:22 - Clicked on Register 
2025-08-01 09:54:40 INFO  TC_001_AccountRegistrationTest:27 - Provided First Name 
2025-08-01 09:54:40 INFO  TC_001_AccountRegistrationTest:30 - Provided Last Name 
2025-08-01 09:54:40 INFO  TC_001_AccountRegistrationTest:34 - Provided Email 
2025-08-01 09:54:40 INFO  TC_001_AccountRegistrationTest:37 - Provided Telephone 
2025-08-01 09:54:40 INFO  TC_001_AccountRegistrationTest:40 - Provided Password 
2025-08-01 09:54:40 INFO  TC_001_AccountRegistrationTest:43 - Provided Confrmed Password 
2025-08-01 09:54:40 INFO  TC_001_AccountRegistrationTest:46 - Set Privacy Policy 
2025-08-01 09:54:41 INFO  TC_001_AccountRegistrationTest:49 - Clicked on Continue 
2025-08-01 09:54:43 INFO  TC_001_AccountRegistrationTest:61 - Finished TC_001_AccountRegistrationtTest
2025-08-01 09:54:47 INFO  TC_002_LoginTest:15 - Starting TC_002_LoginTest
2025-08-01 09:58:28 INFO  Utils:112 - [TestNG] Running:
  D:\education\Java\OpencartV121\master.xml

2025-08-01 09:58:37 INFO  TC_001_AccountRegistrationTest:15 - Strating TC_001_AccountRegistrationtTest
2025-08-01 09:58:37 INFO  TC_001_AccountRegistrationTest:19 - Clicked on My Account 
2025-08-01 09:58:38 INFO  TC_001_AccountRegistrationTest:22 - Clicked on Register 
2025-08-01 09:58:38 INFO  TC_001_AccountRegistrationTest:27 - Provided First Name 
2025-08-01 09:58:38 INFO  TC_001_AccountRegistrationTest:30 - Provided Last Name 
2025-08-01 09:58:38 INFO  TC_001_AccountRegistrationTest:34 - Provided Email 
2025-08-01 09:58:38 INFO  TC_001_AccountRegistrationTest:37 - Provided Telephone 
2025-08-01 09:58:38 INFO  TC_001_AccountRegistrationTest:40 - Provided Password 
2025-08-01 09:58:38 INFO  TC_001_AccountRegistrationTest:43 - Provided Confrmed Password 
2025-08-01 09:58:38 INFO  TC_001_AccountRegistrationTest:46 - Set Privacy Policy 
2025-08-01 09:58:40 INFO  TC_001_AccountRegistrationTest:49 - Clicked on Continue 
2025-08-01 09:58:42 INFO  TC_001_AccountRegistrationTest:61 - Finished TC_001_AccountRegistrationtTest
2025-08-01 09:58:46 INFO  TC_002_LoginTest:15 - Starting TC_002_LoginTest
2025-08-01 10:00:26 INFO  Utils:112 - [TestNG] Running:
  D:\education\Java\OpencartV121\master.xml

2025-08-01 10:00:32 INFO  TC_001_AccountRegistrationTest:15 - Strating TC_001_AccountRegistrationtTest
2025-08-01 10:00:33 INFO  TC_001_AccountRegistrationTest:19 - Clicked on My Account 
2025-08-01 10:00:33 INFO  TC_001_AccountRegistrationTest:22 - Clicked on Register 
2025-08-01 10:00:34 INFO  TC_001_AccountRegistrationTest:27 - Provided First Name 
2025-08-01 10:00:34 INFO  TC_001_AccountRegistrationTest:30 - Provided Last Name 
2025-08-01 10:00:34 INFO  TC_001_AccountRegistrationTest:34 - Provided Email 
2025-08-01 10:00:34 INFO  TC_001_AccountRegistrationTest:37 - Provided Telephone 
2025-08-01 10:00:34 INFO  TC_001_AccountRegistrationTest:40 - Provided Password 
2025-08-01 10:00:34 INFO  TC_001_AccountRegistrationTest:43 - Provided Confrmed Password 
2025-08-01 10:00:35 INFO  TC_001_AccountRegistrationTest:46 - Set Privacy Policy 
2025-08-01 10:00:37 INFO  TC_001_AccountRegistrationTest:49 - Clicked on Continue 
2025-08-01 10:00:39 INFO  TC_001_AccountRegistrationTest:61 - Finished TC_001_AccountRegistrationtTest
2025-08-01 10:00:43 INFO  TC_002_LoginTest:15 - Starting TC_002_LoginTest
2025-08-01 10:03:25 INFO  Utils:112 - [TestNG] Running:
  D:\education\Java\OpencartV121\crossbrowsertests.xml

2025-08-01 10:03:25 INFO  TC_001_AccountRegistrationTest:15 - Strating TC_001_AccountRegistrationtTest
2025-08-01 10:03:31 INFO  TC_001_AccountRegistrationTest:15 - Strating TC_001_AccountRegistrationtTest
2025-08-01 10:03:31 INFO  TC_001_AccountRegistrationTest:19 - Clicked on My Account 
2025-08-01 10:03:32 INFO  TC_001_AccountRegistrationTest:22 - Clicked on Register 
2025-08-01 10:03:32 INFO  TC_001_AccountRegistrationTest:27 - Provided First Name 
2025-08-01 10:03:32 INFO  TC_001_AccountRegistrationTest:30 - Provided Last Name 
2025-08-01 10:03:32 INFO  TC_001_AccountRegistrationTest:34 - Provided Email 
2025-08-01 10:03:32 INFO  TC_001_AccountRegistrationTest:37 - Provided Telephone 
2025-08-01 10:03:32 INFO  TC_001_AccountRegistrationTest:40 - Provided Password 
2025-08-01 10:03:33 INFO  TC_001_AccountRegistrationTest:43 - Provided Confrmed Password 
2025-08-01 10:03:33 INFO  TC_001_AccountRegistrationTest:46 - Set Privacy Policy 
2025-08-01 10:03:34 INFO  TC_001_AccountRegistrationTest:49 - Clicked on Continue 
2025-08-01 10:03:36 INFO  TC_001_AccountRegistrationTest:61 - Finished TC_001_AccountRegistrationtTest
2025-08-01 13:45:17 INFO  Utils:112 - [TestNG] Running:
  D:\education\Java\OpencartV121\master.xml

2025-08-01 13:45:26 INFO  TC_001_AccountRegistrationTest:15 - Strating TC_001_AccountRegistrationtTest
2025-08-01 13:45:26 INFO  TC_001_AccountRegistrationTest:19 - Clicked on My Account 
2025-08-01 13:45:27 INFO  TC_001_AccountRegistrationTest:22 - Clicked on Register 
2025-08-01 13:45:27 INFO  TC_001_AccountRegistrationTest:27 - Provided First Name 
2025-08-01 13:45:27 INFO  TC_001_AccountRegistrationTest:30 - Provided Last Name 
2025-08-01 13:45:28 INFO  TC_001_AccountRegistrationTest:34 - Provided Email 
2025-08-01 13:45:28 INFO  TC_001_AccountRegistrationTest:37 - Provided Telephone 
2025-08-01 13:45:28 INFO  TC_001_AccountRegistrationTest:40 - Provided Password 
2025-08-01 13:45:28 INFO  TC_001_AccountRegistrationTest:43 - Provided Confrmed Password 
2025-08-01 13:45:28 INFO  TC_001_AccountRegistrationTest:46 - Set Privacy Policy 
2025-08-01 13:45:30 INFO  TC_001_AccountRegistrationTest:49 - Clicked on Continue 
2025-08-01 13:45:32 INFO  TC_001_AccountRegistrationTest:61 - Finished TC_001_AccountRegistrationtTest
2025-08-01 13:45:36 INFO  TC_002_LoginTest:15 - Starting TC_002_LoginTest
2025-08-01 16:45:49 INFO  TC_001_AccountRegistrationTest:15 - Strating TC_001_AccountRegistrationtTest
2025-08-01 16:45:49 INFO  TC_001_AccountRegistrationTest:19 - Clicked on My Account 
2025-08-01 16:45:51 INFO  TC_001_AccountRegistrationTest:22 - Clicked on Register 
2025-08-01 16:45:52 INFO  TC_001_AccountRegistrationTest:27 - Provided First Name 
2025-08-01 16:45:52 INFO  TC_001_AccountRegistrationTest:30 - Provided Last Name 
2025-08-01 16:45:52 INFO  TC_001_AccountRegistrationTest:34 - Provided Email 
2025-08-01 16:45:52 INFO  TC_001_AccountRegistrationTest:37 - Provided Telephone 
2025-08-01 16:45:53 INFO  TC_001_AccountRegistrationTest:40 - Provided Password 
2025-08-01 16:45:53 INFO  TC_001_AccountRegistrationTest:43 - Provided Confrmed Password 
2025-08-01 16:45:53 INFO  TC_001_AccountRegistrationTest:46 - Set Privacy Policy 
2025-08-01 16:45:54 INFO  TC_001_AccountRegistrationTest:49 - Clicked on Continue 
2025-08-01 16:45:56 INFO  TC_001_AccountRegistrationTest:61 - Finished TC_001_AccountRegistrationtTest
2025-08-01 16:46:02 INFO  TC_002_LoginTest:15 - Starting TC_002_LoginTest
2025-08-01 16:48:12 INFO  TC_001_AccountRegistrationTest:15 - Strating TC_001_AccountRegistrationtTest
2025-08-01 16:48:13 INFO  TC_001_AccountRegistrationTest:19 - Clicked on My Account 
2025-08-01 16:48:14 INFO  TC_001_AccountRegistrationTest:22 - Clicked on Register 
2025-08-01 16:48:14 INFO  TC_001_AccountRegistrationTest:27 - Provided First Name 
2025-08-01 16:48:14 INFO  TC_001_AccountRegistrationTest:30 - Provided Last Name 
2025-08-01 16:48:15 INFO  TC_001_AccountRegistrationTest:34 - Provided Email 
2025-08-01 16:48:15 INFO  TC_001_AccountRegistrationTest:37 - Provided Telephone 
2025-08-01 16:48:15 INFO  TC_001_AccountRegistrationTest:40 - Provided Password 
2025-08-01 16:48:15 INFO  TC_001_AccountRegistrationTest:43 - Provided Confrmed Password 
2025-08-01 16:48:15 INFO  TC_001_AccountRegistrationTest:46 - Set Privacy Policy 
2025-08-01 16:48:17 INFO  TC_001_AccountRegistrationTest:49 - Clicked on Continue 
2025-08-01 16:48:19 INFO  TC_001_AccountRegistrationTest:61 - Finished TC_001_AccountRegistrationtTest
2025-08-01 16:48:26 INFO  TC_002_LoginTest:15 - Starting TC_002_LoginTest
